proguard/seeds.txt
com.zackehh.bisect.CalculatorControl
com.zackehh.bisect.CalculatorControl: CalculatorControl()
...
android.support.v4.app.Fragment
android.support.v4.app.Fragment: java.util.HashMap sClassMap
android.support.v4.app.Fragment: int INITIALIZING
android.support.v4.app.Fragment: int CREATED
android.support.v4.app.Fragment: int ACTIVITY_CREATED
android.support.v4.app.Fragment: int STOPPED
android.support.v4.app.Fragment: int STARTED
android.support.v4.app.Fragment: int RESUMED
android.support.v4.app.Fragment: int mState
android.support.v4.app.Fragment: android.view.View mAnimatingAway
android.support.v4.app.Fragment: int mStateAfterAnimating
android.support.v4.app.Fragment: android.os.Bundle mSavedFragmentState
android.support.v4.app.Fragment: android.util.SparseArray mSavedViewState
android.support.v4.app.Fragment: int mIndex
android.support.v4.app.Fragment: java.lang.String mWho
android.support.v4.app.Fragment: android.os.Bundle mArguments
android.support.v4.app.Fragment: android.support.v4.app.Fragment mTarget
android.support.v4.app.Fragment: int mTargetIndex
android.support.v4.app.Fragment: int mTargetRequestCode
android.support.v4.app.Fragment: boolean mAdded
android.support.v4.app.Fragment: boolean mRemoving
android.support.v4.app.Fragment: boolean mResumed
android.support.v4.app.Fragment: boolean mFromLayout
android.support.v4.app.Fragment: boolean mInLayout
android.support.v4.app.Fragment: boolean mRestored
android.support.v4.app.Fragment: int mBackStackNesting
android.support.v4.app.Fragment$1
android.support.v4.app.Fragment$1: android.support.v4.app.Fragment this$0
android.support.v4.app.Fragment$1: Fragment$1(android.support.v4.app.Fragment)
android.support.v4.app.Fragment$1: android.view.View findViewById(int)
android.support.v4.app.Fragment$InstantiationException
android.support.v4.app.Fragment$InstantiationException: Fragment$InstantiationException(java.lang.String,java.lang.Exception)
android.support.v4.app.Fragment$SavedState
android.support.v4.app.Fragment$SavedState: android.os.Bundle mState
android.support.v4.app.Fragment$SavedState: android.os.Parcelable$Creator CREATOR
android.support.v4.app.Fragment$SavedState: Fragment$SavedState(android.os.Bundle)
android.support.v4.app.Fragment$SavedState: Fragment$SavedState(android.os.Parcel,java.lang.ClassLoader)
android.support.v4.app.Fragment$SavedState: int describeContents()
android.support.v4.app.Fragment$SavedState: void writeToParcel(android.os.Parcel,int)
android.support.v4.app.Fragment$SavedState: void <clinit>()
android.support.v4.app.Fragment$SavedState$1
android.support.v4.app.Fragment$SavedState$1: Fragment$SavedState$1()
android.support.v4.app.Fragment$SavedState$1: android.support.v4.app.Fragment$SavedState createFromParcel(android.os.Parcel)
android.support.v4.app.Fragment$SavedState$1: android.support.v4.app.Fragment$SavedState[] newArray(int)
android.support.v4.app.Fragment$SavedState$1: java.lang.Object[] newArray(int)
android.support.v4.app.Fragment$SavedState$1: java.lang.Object createFromParcel(android.os.Parcel)