proguard/mapping.txt
com.zackehh.bisect.About -> com.zackehh.bisect.a:
    java.lang.String address -> a
    android.support.v4.app.Fragment newInstance() -> a
    android.view.View onCreateView(android.view.LayoutInflater,android.view.ViewGroup,android.os.Bundle) -> onCreateView
    void setUserVisibleHint(boolean) -> setUserVisibleHint
    java.lang.String access$0(com.zackehh.bisect.About) -> a
com.zackehh.bisect.About$1 -> com.zackehh.bisect.b:
    com.zackehh.bisect.About this$0 -> a
    void onClick(android.view.View) -> onClick
com.zackehh.bisect.Calculation -> com.zackehh.bisect.c:
    double a -> a
    double b -> b
    double p -> e
    double TOL -> c
    int M -> d
    android.os.Handler threadHandler -> f
    java.lang.String setResult -> g
    boolean rootToCalc -> h
    int width -> i
    android.view.ViewGroup vCalc -> j
    android.support.v4.app.Fragment newInstance() -> a
    android.view.View onCreateView(android.view.LayoutInflater,android.view.ViewGroup,android.os.Bundle) -> onCreateView
    double fOfX(double) -> a
    double maxIterations() -> b
    android.view.ViewGroup access$0(com.zackehh.bisect.Calculation) -> a
    boolean access$1(com.zackehh.bisect.Calculation) -> b
    void access$2(com.zackehh.bisect.Calculation) -> c
    double access$3(com.zackehh.bisect.Calculation) -> d
    void access$4(com.zackehh.bisect.Calculation,boolean) -> a
    void access$5(com.zackehh.bisect.Calculation,android.widget.Button,android.widget.Button) -> a
    java.lang.String access$6(com.zackehh.bisect.Calculation) -> e
com.zackehh.bisect.Calculation$1 -> com.zackehh.bisect.d:
    com.zackehh.bisect.Calculation this$0 -> a
    void onClick(android.view.View) -> onClick
    com.zackehh.bisect.Calculation access$0(com.zackehh.bisect.Calculation$1) -> a
com.zackehh.bisect.Calculation$1$1 -> com.zackehh.bisect.e:
    com.zackehh.bisect.Calculation$1 this$1 -> a
    void run() -> run
com.zackehh.bisect.Calculation$2 -> com.zackehh.bisect.f:
    com.zackehh.bisect.Calculation this$0 -> a
    android.widget.Button val$calcButtonRoot -> b
    android.widget.Button val$calcButtonMax -> c
    void onClick(android.view.View) -> onClick
com.zackehh.bisect.Calculation$3 -> com.zackehh.bisect.g:
    com.zackehh.bisect.Calculation this$0 -> a
    android.widget.Button val$calcButtonMax -> b
    android.widget.Button val$calcButtonRoot -> c
    void onClick(android.view.View) -> onClick
com.zackehh.bisect.Calculation$4 -> com.zackehh.bisect.h:
    com.zackehh.bisect.Calculation this$0 -> a
    void run() -> run
com.zackehh.bisect.CalculatorControl -> com.zackehh.bisect.CalculatorControl:
    android.support.v4.view.ViewPager mPager -> a
    android.support.v4.view.PagerAdapter mPagerAdapter -> b
    void onCreate(android.os.Bundle) -> onCreate
    void onResume() -> onResume
    void onPause() -> onPause
com.zackehh.bisect.CalculatorControlAdapter -> com.zackehh.bisect.i:
    int pages -> a
    android.support.v4.app.Fragment getItem(int) -> getItem
    int getCount() -> getCount
com.zackehh.bisect.Usage -> com.zackehh.bisect.j:
    android.support.v4.app.Fragment newInstance() -> a
    android.view.View onCreateView(android.view.LayoutInflater,android.view.ViewGroup,android.os.Bundle) -> onCreateView
    void setUserVisibleHint(boolean) -> setUserVisibleHint
...
android.support.v4.app.ActionBarDrawerToggle -> android.support.v4.app.ActionBarDrawerToggle:
    android.support.v4.app.ActionBarDrawerToggle$ActionBarDrawerToggleImpl IMPL -> IMPL
    int ID_HOME -> ID_HOME
    android.app.Activity mActivity -> mActivity
    android.support.v4.app.ActionBarDrawerToggle$Delegate mActivityImpl -> mActivityImpl
    android.support.v4.widget.DrawerLayout mDrawerLayout -> mDrawerLayout
    boolean mDrawerIndicatorEnabled -> mDrawerIndicatorEnabled
    android.graphics.drawable.Drawable mThemeImage -> mThemeImage
    android.graphics.drawable.Drawable mDrawerImage -> mDrawerImage
    android.support.v4.app.ActionBarDrawerToggle$SlideDrawable mSlider -> mSlider
    int mDrawerImageResource -> mDrawerImageResource
    int mOpenDrawerContentDescRes -> mOpenDrawerContentDescRes
    int mCloseDrawerContentDescRes -> mCloseDrawerContentDescRes
    java.lang.Object mSetIndicatorInfo -> mSetIndicatorInfo
    void syncState() -> syncState
    void setDrawerIndicatorEnabled(boolean) -> setDrawerIndicatorEnabled
    boolean isDrawerIndicatorEnabled() -> isDrawerIndicatorEnabled
    void onConfigurationChanged(android.content.res.Configuration) -> onConfigurationChanged
    boolean onOptionsItemSelected(android.view.MenuItem) -> onOptionsItemSelected
    void onDrawerSlide(android.view.View,float) -> onDrawerSlide
    void onDrawerOpened(android.view.View) -> onDrawerOpened
    void onDrawerClosed(android.view.View) -> onDrawerClosed
android.support.v4.app.ActionBarDrawerToggle$1 -> android.support.v4.app.ActionBarDrawerToggle$1:
android.support.v4.app.ActionBarDrawerToggle$ActionBarDrawerToggleImpl -> android.support.v4.app.ActionBarDrawerToggle$ActionBarDrawerToggleImpl:
    android.graphics.drawable.Drawable getThemeUpIndicator(android.app.Activity) -> getThemeUpIndicator
    java.lang.Object setActionBarUpIndicator(java.lang.Object,android.app.Activity,android.graphics.drawable.Drawable,int) -> setActionBarUpIndicator
    java.lang.Object setActionBarDescription(java.lang.Object,android.app.Activity,int) -> setActionBarDescription
android.support.v4.app.ActionBarDrawerToggle$ActionBarDrawerToggleImplBase -> android.support.v4.app.ActionBarDrawerToggle$ActionBarDrawerToggleImplBase:
    android.graphics.drawable.Drawable getThemeUpIndicator(android.app.Activity) -> getThemeUpIndicator
    java.lang.Object setActionBarUpIndicator(java.lang.Object,android.app.Activity,android.graphics.drawable.Drawable,int) -> setActionBarUpIndicator
    java.lang.Object setActionBarDescription(java.lang.Object,android.app.Activity,int) -> setActionBarDescription
android.support.v4.app.ActionBarDrawerToggle$ActionBarDrawerToggleImplHC -> android.support.v4.app.ActionBarDrawerToggle$ActionBarDrawerToggleImplHC:
    android.graphics.drawable.Drawable getThemeUpIndicator(android.app.Activity) -> getThemeUpIndicator
    java.lang.Object setActionBarUpIndicator(java.lang.Object,android.app.Activity,android.graphics.drawable.Drawable,int) -> setActionBarUpIndicator
    java.lang.Object setActionBarDescription(java.lang.Object,android.app.Activity,int) -> setActionBarDescription
android.support.v4.app.ActionBarDrawerToggle$Delegate -> android.support.v4.app.ActionBarDrawerToggle$Delegate:
    android.graphics.drawable.Drawable getThemeUpIndicator() -> getThemeUpIndicator
    void setActionBarUpIndicator(android.graphics.drawable.Drawable,int) -> setActionBarUpIndicator
    void setActionBarDescription(int) -> setActionBarDescription
android.support.v4.app.ActionBarDrawerToggle$DelegateProvider -> android.support.v4.app.ActionBarDrawerToggle$DelegateProvider:
    android.support.v4.app.ActionBarDrawerToggle$Delegate getDrawerToggleDelegate() -> getDrawerToggleDelegate